 1. 1.E18
    0.5201    0.2676  0.5000
    0.5199    0.2224  0.5000
    0.5201    0.1942  0.5000
    0.5142    0.1751  0.5000
    0.4917    0.1452  0.5000
    0.4707    0.1223  0.5000
    0.4324    0.1125  0.5000
    0.3782    0.1078  0.5000
    0.3103    0.0884  0.5000
    0.2435    0.0785  0.5000
    0.1994    0.0777  0.5000
    0.1582    0.0702  0.5000
    0.1144    0.0710  0.5000
    0.0905    0.0599  0.5000
    0.0659    0.0510  0.5000
    0.0602    0.0408  0.5000
    0.0508    0.0399  0.5000
    0.0498    0.0314  0.5000
    0.0501    0.0205  0.5000
    0.0500    0.0199  0.5000
    0.0500    0.0200  0.5000
    0.0500    0.0200  0.5000
    0.0500    0.0200  0.5000
